(Sun Aug  6 12:05:24 2017) Starting GLFW; version: 3.2.1 X11 GLX EGL clock_gettime /dev/js Xf86vm shared
(Sun Aug  6 12:05:24 2017) Successfuly compiled shader.
Shader text"#version 410

layout(location = 0) in vec3 vertexPosition;
layout(location = 1) in vec3 vertexColour;

out vec3 colour;

void main() {
    colour = vertexColour;
    gl_Position = vec4(vertexPosition, 1.0);
}
"

(Sun Aug  6 12:05:24 2017) Successfuly compiled shader.
Shader text"#version 410

in vec3 colour;

out vec4 frag_colour;

//uniform vec4 inputColour;

void main() {
    frag_colour = vec4(colour, 1.0);
}

"

(Sun Aug  6 12:05:24 2017) Uniform: 5
(Sun Aug  6 12:05:24 2017) Successfuly linked program.
